SpeechToText/app/build/outputs/logs/manifest-merger-debug-report.txt
-- Merging decision tree log ---
manifest
ADDED from src\main\AndroidManifest.xml:2:1-34:12
INJECTED from src\main\AndroidManifest.xml:2:1-34:12
INJECTED from src\main\AndroidManifest.xml:2:1-34:12
INJECTED from src\main\AndroidManifest.xml:2:1-34:12
INJECTED from src\main\AndroidManifest.xml:2:1-34:12
INJECTED from src\main\AndroidManifest.xml:2:1-34:12
INJECTED from src\main\AndroidManifest.xml:2:1-34:12
	package
		ADDED from src\main\AndroidManifest.xml:3:5-44
		INJECTED from src\main\AndroidManifest.xml
		INJECTED from src\main\AndroidManifest.xml
	android:versionName
		ADDED from src\main\AndroidManifest.xml:5:5-30
		INJECTED from src\main\AndroidManifest.xml
		INJECTED from src\main\AndroidManifest.xml
	xmlns:android
		ADDED from src\main\AndroidManifest.xml:2:11-69
	android:versionCode
		ADDED from src\main\AndroidManifest.xml:4:5-28
		INJECTED from src\main\AndroidManifest.xml
		INJECTED from src\main\AndroidManifest.xml
uses-permission#android.permission.INTERNET
ADDED from src\main\AndroidManifest.xml:7:5-67
	android:name
		ADDED from src\main\AndroidManifest.xml:7:22-64
uses-sdk
ADDED from src\main\AndroidManifest.xml:9:5-11:41
INJECTED from src\main\AndroidManifest.xml:9:5-11:41
INJECTED from src\main\AndroidManifest.xml:9:5-11:41
INJECTED from src\main\AndroidManifest.xml:9:5-11:41
INJECTED from src\main\AndroidManifest.xml:9:5-11:41
	android:targetSdkVersion
		ADDED from src\main\AndroidManifest.xml:11:9-38
		INJECTED from src\main\AndroidManifest.xml
		INJECTED from src\main\AndroidManifest.xml
	android:minSdkVersion
		ADDED from src\main\AndroidManifest.xml:10:9-35
		INJECTED from src\main\AndroidManifest.xml
		INJECTED from src\main\AndroidManifest.xml
application
ADDED from src\main\AndroidManifest.xml:13:5-32:19
	android:label
		ADDED from src\main\AndroidManifest.xml:16:9-41
	android:icon
		ADDED from src\main\AndroidManifest.xml:15:9-43
	android:allowBackup
		ADDED from src\main\AndroidManifest.xml:14:9-35
	android:theme
		ADDED from src\main\AndroidManifest.xml:17:9-40
activity#info.androidhive.speechtotext.MainActivity
ADDED from src\main\AndroidManifest.xml:18:9-26:20
	android:label
		ADDED from src\main\AndroidManifest.xml:20:13-45
	android:name
		ADDED from src\main\AndroidManifest.xml:19:13-70
intent-filter#android.intent.action.MAIN+android.intent.category.LAUNCHER
ADDED from src\main\AndroidManifest.xml:21:13-25:29
action#android.intent.action.MAIN
ADDED from src\main\AndroidManifest.xml:22:17-69
	android:name
		ADDED from src\main\AndroidManifest.xml:22:25-66
category#android.intent.category.LAUNCHER
ADDED from src\main\AndroidManifest.xml:24:17-77
	android:name
		ADDED from src\main\AndroidManifest.xml:24:27-74
activity#info.androidhive.speechtotext.ResActivity1
ADDED from src\main\AndroidManifest.xml:28:9-52
	android:name
		ADDED from src\main\AndroidManifest.xml:28:19-49
activity#info.androidhive.speechtotext.ResActivity2
ADDED from src\main\AndroidManifest.xml:30:9-52
	android:name
		ADDED from src\main\AndroidManifest.xml:30:19-49